Dieses Projekt ist noch ganz frisch. 
Ziel ist es bis Ende 01/2020 eine perfekte Bibliothek zu erstellen.
Freue mich über Feedbacks an pr@cle.ch

06.01.2019	New Examples Battery Status LED
06.01.2019	LED Battery Status Full=green --> Medium=yellow --> Empty=red
06.01.2019	Neues Examples Linear Beschleunigung "Set_Motors_Linear_Power"
06.01.2019	SetMotors ohne Direction --> neu mit "int Variable" -255 - 0 - 255
05.01.2020	New Function SetMotors for control both Motors
05.01.2020	New Variable I2C_ID_THUNDERBORG_Current 
05.01.2020	1. Version mit Init --> Stoppt alle Motoren beim initialisieren, falls noch laufen
05.01.2020	SetLedShowBattery an neue SendCommand anpassen (weniger Code)
05.01.2020	SendCommand erweitern für 3 Values
05.01.2020	Zentrale I2C Funktion SendCommand
05.01.2020	Example LED angepasst neue Funktionsnamen
05.01.2020	examples\Test_Motor_1 benötigt 2534 Bytes Speicher im Arduino
05.01.2020	Entscheidung Library so schlank wie möglich gestalten. (Keine unnötigen Luxus Funktionen)
05.01.2020	Bereinigung von Altlasten
01.01.2020	Überarbeitung der Funktionen
01.01.2020	Bereinigung der Klasse und Examples erstellen
31.12.2019	Klasse erstellen und erste Tests mit LED
31.12.2019	Übernahme der Konstanten vom Hersteller https://www.piborg.org
30.12.2019	Start des Projektes